<?xml version="1.0" encoding="UTF-8"?>
<!-- Generated by org.testng.reporters.JUnitReportReporter -->
<testsuite hostname="swati" failures="0" tests="1" name="crudOperationWithBDD.RequestDublicate" time="4.391" errors="0" timestamp="2022-09-29T16:44:20 IST" skipped="0">
  <testcase classname="crudOperationWithBDD.RequestDublicate" name="createProjectTest" time="4.391"/>
  <system-out/>
</testsuite> <!-- crudOperationWithBDD.RequestDublicate -->
