<?xml version="1.0" encoding="UTF-8"?>
<!-- Generated by org.testng.reporters.JUnitReportReporter -->
<testsuite hostname="swati" failures="0" tests="1" name="validationTest.DynamicResponseValTest" time="4.698" errors="0" timestamp="2022-10-10T14:46:30 IST" skipped="0">
  <testcase classname="validationTest.DynamicResponseValTest" name="getAllProjectsTest" time="4.698"/>
  <system-out/>
</testsuite> <!-- validationTest.DynamicResponseValTest -->
