<?xml version="1.0" encoding="UTF-8"?>
<!-- Generated by org.testng.reporters.JUnitReportReporter -->
<testsuite hostname="swati" failures="0" tests="1" name="requestChaining.PostAndDel" time="5.465" errors="0" timestamp="2022-10-06T13:33:30 IST" skipped="0">
  <testcase classname="requestChaining.PostAndDel" name="PostAndDelTest" time="5.465"/>
  <system-out/>
</testsuite> <!-- requestChaining.PostAndDel -->
