<?xml version="1.0" encoding="UTF-8"?>
<!-- Generated by org.testng.reporters.JUnitReportReporter -->
<testsuite hostname="swati" failures="0" tests="1" name="parameter.PathParameter" time="3.502" errors="0" timestamp="2022-10-06T12:25:44 IST" skipped="0">
  <testcase classname="parameter.PathParameter" name="pathParameter" time="3.502"/>
  <system-out/>
</testsuite> <!-- parameter.PathParameter -->
