<?xml version="1.0" encoding="UTF-8"?>
<!-- Generated by org.testng.reporters.JUnitReportReporter -->
<testsuite hostname="swati" failures="0" tests="1" name="crudOperationWithBDD.DeleteSingleProject" time="4.572" errors="0" timestamp="2022-10-04T10:44:54 IST" skipped="0">
  <testcase classname="crudOperationWithBDD.DeleteSingleProject" name="deletesingleproject" time="4.572"/>
  <system-out/>
</testsuite> <!-- crudOperationWithBDD.DeleteSingleProject -->
