<?xml version="1.0" encoding="UTF-8"?>
<!-- Generated by org.testng.reporters.JUnitReportReporter -->
<testsuite hostname="swati" failures="0" tests="1" name="crudOperationWithBDD.GetAllProjectWithoutPort" time="3.512" errors="0" timestamp="2022-09-29T17:23:24 IST" skipped="0">
  <testcase classname="crudOperationWithBDD.GetAllProjectWithoutPort" name="getallprojectTest" time="3.512"/>
  <system-out/>
</testsuite> <!-- crudOperationWithBDD.GetAllProjectWithoutPort -->
