<?xml version="1.0" encoding="UTF-8"?>
<!-- Generated by org.testng.reporters.JUnitReportReporter -->
<testsuite hostname="swati" failures="0" tests="1" name="validationTest.StatuslineValidationTest" time="3.163" errors="0" timestamp="2022-10-03T17:10:49 IST" skipped="0">
  <testcase classname="validationTest.StatuslineValidationTest" name="statuslineValidationTest" time="3.163"/>
  <system-out/>
</testsuite> <!-- validationTest.StatuslineValidationTest -->
