<?xml version="1.0" encoding="UTF-8"?>
<!-- Generated by org.testng.reporters.JUnitReportReporter -->
<testsuite hostname="swati" failures="0" tests="1" name="practice.CreateProjectAndDeleteAndVerify" time="24.066" errors="0" timestamp="2022-09-30T18:04:10 IST" skipped="0">
  <testcase classname="practice.CreateProjectAndDeleteAndVerify" name="createProjectanddeleteAndverifyTest" time="24.066"/>
  <system-out/>
</testsuite> <!-- practice.CreateProjectAndDeleteAndVerify -->
