<?xml version="1.0" encoding="UTF-8"?>
<!-- Generated by org.testng.reporters.JUnitReportReporter -->
<testsuite hostname="swati" failures="0" tests="1" name="requestChaining.PostGetPutDel" time="8.187" errors="0" timestamp="2022-10-06T16:49:25 IST" skipped="0">
  <testcase classname="requestChaining.PostGetPutDel" name="postgetputdel" time="8.187"/>
  <system-out/>
</testsuite> <!-- requestChaining.PostGetPutDel -->
