<?xml version="1.0" encoding="UTF-8"?>
<!-- Generated by org.testng.reporters.JUnitReportReporter -->
<testsuite hostname="swati" failures="0" tests="1" name="crudOperationWithBDD.RequestChangeWrongEndpoint" time="4.538" errors="0" timestamp="2022-09-29T13:18:47 IST" skipped="0">
  <testcase classname="crudOperationWithBDD.RequestChangeWrongEndpoint" name="createProjectTest" time="4.538"/>
  <system-out/>
</testsuite> <!-- crudOperationWithBDD.RequestChangeWrongEndpoint -->
