<?xml version="1.0" encoding="UTF-8"?>
<!-- Generated by org.testng.reporters.JUnitReportReporter -->
<testsuite hostname="swati" failures="0" tests="1" name="authentication.Auth2Test" time="6.675" errors="0" timestamp="2022-10-10T14:55:29 IST" skipped="0">
  <testcase classname="authentication.Auth2Test" name="authentication" time="6.675"/>
  <system-out/>
</testsuite> <!-- authentication.Auth2Test -->
