<?xml version="1.0" encoding="UTF-8"?>
<!-- Generated by org.testng.reporters.JUnitReportReporter -->
<testsuite hostname="swati" failures="0" tests="1" name="differentWaysToPostTheRequest.PostRequestUsingJsonFileTest" time="3.793" errors="0" timestamp="2022-09-30T13:03:55 IST" skipped="0">
  <testcase classname="differentWaysToPostTheRequest.PostRequestUsingJsonFileTest" name="createPojoTest" time="3.793"/>
  <system-out/>
</testsuite> <!-- differentWaysToPostTheRequest.PostRequestUsingJsonFileTest -->
