<?xml version="1.0" encoding="UTF-8"?>
<!-- Generated by org.testng.reporters.JUnitReportReporter -->
<testsuite hostname="swati" failures="0" tests="1" name="authentication.BasicAuthTest" time="5.931" errors="0" timestamp="2022-10-10T10:27:30 IST" skipped="0">
  <testcase classname="authentication.BasicAuthTest" name="basicAuth" time="5.931"/>
  <system-out/>
</testsuite> <!-- authentication.BasicAuthTest -->
