<?xml version="1.0" encoding="UTF-8"?>
<!-- Generated by org.testng.reporters.JUnitReportReporter -->
<testsuite hostname="swati" failures="0" tests="1" name="crudOperationWithBDD.RequestChangeEmptyKeyAndValue" time="4.313" errors="0" timestamp="2022-09-29T16:41:27 IST" skipped="0">
  <testcase classname="crudOperationWithBDD.RequestChangeEmptyKeyAndValue" name="createProjectTest" time="4.313"/>
  <system-out/>
</testsuite> <!-- crudOperationWithBDD.RequestChangeEmptyKeyAndValue -->
