<?xml version="1.0" encoding="UTF-8"?>
<!-- Generated by org.testng.reporters.JUnitReportReporter -->
<testsuite hostname="swati" failures="0" tests="1" name="crudOperationWithBDD.DelWithoutUri" time="3.423" errors="0" timestamp="2022-09-29T17:17:22 IST" skipped="0">
  <testcase classname="crudOperationWithBDD.DelWithoutUri" name="deletesingleproject" time="3.423"/>
  <system-out/>
</testsuite> <!-- crudOperationWithBDD.DelWithoutUri -->
