<?xml version="1.0" encoding="UTF-8"?>
<!-- Generated by org.testng.reporters.JUnitReportReporter -->
<testsuite hostname="swati" failures="0" tests="1" name="serializationAndDeserialization.deserializationofCreateContact" time="0.445" errors="0" timestamp="2022-09-28T15:18:21 IST" skipped="0">
  <testcase classname="serializationAndDeserialization.deserializationofCreateContact" name="deserializationofCreateContact" time="0.445"/>
  <system-out/>
</testsuite> <!-- serializationAndDeserialization.deserializationofCreateContact -->
