<?xml version="1.0" encoding="UTF-8"?>
<!-- Generated by org.testng.reporters.JUnitReportReporter -->
<testsuite hostname="swati" failures="0" tests="1" name="crudOperationWithBDD.AddProject" time="5.444" errors="0" timestamp="2022-10-04T12:32:49 IST" skipped="0">
  <testcase classname="crudOperationWithBDD.AddProject" name="createProjectTest" time="5.444"/>
  <system-out/>
</testsuite> <!-- crudOperationWithBDD.AddProject -->
