<?xml version="1.0" encoding="UTF-8"?>
<!-- Generated by org.testng.reporters.JUnitReportReporter -->
<testsuite hostname="swati" failures="0" tests="1" name="serializationAndDeserialization.DeseEmpDetails" time="0.489" errors="0" timestamp="2022-09-28T10:20:22 IST" skipped="0">
  <testcase classname="serializationAndDeserialization.DeseEmpDetails" name="main1" time="0.489"/>
  <system-out/>
</testsuite> <!-- serializationAndDeserialization.DeseEmpDetails -->
