<?xml version="1.0" encoding="UTF-8"?>
<!-- Generated by org.testng.reporters.JUnitReportReporter -->
<testsuite hostname="swati" failures="0" tests="1" name="crudOperationWithBDD.UpdateProject" time="4.278" errors="0" timestamp="2022-09-29T12:51:01 IST" skipped="0">
  <testcase classname="crudOperationWithBDD.UpdateProject" name="createProjectTest" time="4.278"/>
  <system-out/>
</testsuite> <!-- crudOperationWithBDD.UpdateProject -->
