<?xml version="1.0" encoding="UTF-8"?>
<!-- Generated by org.testng.reporters.JUnitReportReporter -->
<testsuite hostname="swati" failures="0" tests="1" name="crudOperationWithBDD.RequestWidoutMandatory" time="4.214" errors="0" timestamp="2022-09-29T13:30:25 IST" skipped="0">
  <testcase classname="crudOperationWithBDD.RequestWidoutMandatory" name="createProjectTest" time="4.214"/>
  <system-out/>
</testsuite> <!-- crudOperationWithBDD.RequestWidoutMandatory -->
