<?xml version="1.0" encoding="UTF-8"?>
<!-- Generated by org.testng.reporters.JUnitReportReporter -->
<testsuite hostname="swati" failures="0" tests="1" name="serializationAndDeserialization.SerializationofEmpDetailsWithObject" time="0.405" errors="0" timestamp="2022-09-28T11:15:01 IST" skipped="0">
  <testcase classname="serializationAndDeserialization.SerializationofEmpDetailsWithObject" name="SerializationofEmpDetailsWithObjectTest" time="0.405"/>
  <system-out/>
</testsuite> <!-- serializationAndDeserialization.SerializationofEmpDetailsWithObject -->
