<?xml version="1.0" encoding="UTF-8"?>
<!-- Generated by org.testng.reporters.JUnitReportReporter -->
<testsuite hostname="swati" failures="0" tests="1" name="crudOperationWithBDD.GetAllProjectWithouURIAndPort" time="3.636" errors="0" timestamp="2022-09-29T17:25:15 IST" skipped="0">
  <testcase classname="crudOperationWithBDD.GetAllProjectWithouURIAndPort" name="getallprojectTest" time="3.636"/>
  <system-out/>
</testsuite> <!-- crudOperationWithBDD.GetAllProjectWithouURIAndPort -->
