<?xml version="1.0" encoding="UTF-8"?>
<!-- Generated by org.testng.reporters.JUnitReportReporter -->
<testsuite hostname="swati" failures="0" tests="1" name="crudOperationWithBDD.RequestChangeWithoutURI" time="4.855" errors="0" timestamp="2022-09-29T16:47:57 IST" skipped="0">
  <testcase classname="crudOperationWithBDD.RequestChangeWithoutURI" name="createProjectTest" time="4.855"/>
  <system-out/>
</testsuite> <!-- crudOperationWithBDD.RequestChangeWithoutURI -->
