<?xml version="1.0" encoding="UTF-8"?>
<!-- Generated by org.testng.reporters.JUnitReportReporter -->
<testsuite hostname="swati" failures="0" tests="1" name="differentWaysToPostTheRequest.PostRequestUsingHashMapTest" time="5.022" errors="0" timestamp="2022-09-30T12:52:24 IST" skipped="0">
  <testcase classname="differentWaysToPostTheRequest.PostRequestUsingHashMapTest" name="createProjectHashMapTest" time="5.022"/>
  <system-out/>
</testsuite> <!-- differentWaysToPostTheRequest.PostRequestUsingHashMapTest -->
