<?xml version="1.0" encoding="UTF-8"?>
<!-- Generated by org.testng.reporters.JUnitReportReporter -->
<testsuite hostname="swati" failures="0" tests="1" name="serializationAndDeserialization.SerializationForCreateContact" time="0.437" errors="0" timestamp="2022-09-28T10:48:43 IST" skipped="0">
  <testcase classname="serializationAndDeserialization.SerializationForCreateContact" name="pojoSerialization" time="0.437"/>
  <system-out/>
</testsuite> <!-- serializationAndDeserialization.SerializationForCreateContact -->
