<?xml version="1.0" encoding="UTF-8"?>
<!-- Generated by org.testng.reporters.JUnitReportReporter -->
<testsuite hostname="swati" failures="0" tests="1" name="crudOperationWithBDD.RequestChangeINWrongJson_Text" time="4.177" errors="0" timestamp="2022-09-29T13:26:14 IST" skipped="0">
  <testcase classname="crudOperationWithBDD.RequestChangeINWrongJson_Text" name="createProjectTest" time="4.177"/>
  <system-out/>
</testsuite> <!-- crudOperationWithBDD.RequestChangeINWrongJson_Text -->
