<?xml version="1.0" encoding="UTF-8"?>
<!-- Generated by org.testng.reporters.JUnitReportReporter -->
<testsuite hostname="swati" failures="0" tests="1" name="endToend.CreateProjectInBusinessLayandDeleteInGUIAndAndVerifyInDatabase$CreateprojectInBusinessLayerandDeleteinGUIandVerifyInDatabaseTest" time="49.949" errors="0" timestamp="2022-10-11T11:13:24 IST" skipped="0">
  <testcase classname="endToend.CreateProjectInBusinessLayandDeleteInGUIAndAndVerifyInDatabase$CreateprojectInBusinessLayerandDeleteinGUIandVerifyInDatabaseTest" name="AddProjectTest" time="49.949"/>
  <system-out/>
</testsuite> <!-- endToend.CreateProjectInBusinessLayandDeleteInGUIAndAndVerifyInDatabase$CreateprojectInBusinessLayerandDeleteinGUIandVerifyInDatabaseTest -->
