<?xml version="1.0" encoding="UTF-8"?>
<!-- Generated by org.testng.reporters.JUnitReportReporter -->
<testsuite hostname="swati" failures="0" tests="1" name="crudOperationWithoutBDD.GetAllProjectTest" time="3.574" errors="0" timestamp="2022-10-11T12:23:12 IST" skipped="0">
  <testcase classname="crudOperationWithoutBDD.GetAllProjectTest" name="getAllProject" time="3.574"/>
  <system-out/>
</testsuite> <!-- crudOperationWithoutBDD.GetAllProjectTest -->
