<?xml version="1.0" encoding="UTF-8"?>
<!-- Generated by org.testng.reporters.JUnitReportReporter -->
<testsuite hostname="swati" failures="0" tests="1" name="differentWaysToPostTheRequest.PostRequestUsingJsonObjectTest" time="4.410" errors="0" timestamp="2022-09-30T12:54:10 IST" skipped="0">
  <testcase classname="differentWaysToPostTheRequest.PostRequestUsingJsonObjectTest" name="createProjectTest" time="4.410"/>
  <system-out/>
</testsuite> <!-- differentWaysToPostTheRequest.PostRequestUsingJsonObjectTest -->
