<?xml version="1.0" encoding="UTF-8"?>
<!-- Generated by org.testng.reporters.JUnitReportReporter -->
<testsuite hostname="swati" failures="0" tests="1" name="endToend.CreateProjectAndVerify" time="27.370" errors="0" timestamp="2022-10-11T11:46:39 IST" skipped="0">
  <testcase classname="endToend.CreateProjectAndVerify" name="AddProjectTest" time="27.370"/>
  <system-out/>
</testsuite> <!-- endToend.CreateProjectAndVerify -->
