<?xml version="1.0" encoding="UTF-8"?>
<!-- Generated by org.testng.reporters.JUnitReportReporter -->
<testsuite hostname="swati" failures="0" tests="1" name="endToend.UpdateProjectAndVerify" time="4.086" errors="0" timestamp="2022-10-12T17:20:50 IST" skipped="0">
  <testcase classname="endToend.UpdateProjectAndVerify" name="UpdateVerify" time="4.086"/>
  <system-out>
    <![CDATA[TY_PROJ_409]]>
  </system-out>
</testsuite> <!-- endToend.UpdateProjectAndVerify -->
