<?xml version="1.0" encoding="UTF-8"?>
<!-- Generated by org.testng.reporters.JUnitReportReporter -->
<testsuite hostname="swati" failures="0" tests="1" name="crudOperationWithBDD.GetProjectWithWrongEndPoint" time="3.695" errors="0" timestamp="2022-09-29T17:20:05 IST" skipped="0">
  <testcase classname="crudOperationWithBDD.GetProjectWithWrongEndPoint" name="getallprojectTest" time="3.695"/>
  <system-out/>
</testsuite> <!-- crudOperationWithBDD.GetProjectWithWrongEndPoint -->
