<?xml version="1.0" encoding="UTF-8"?>
<!-- Generated by org.testng.reporters.JUnitReportReporter -->
<testsuite hostname="swati" failures="0" tests="1" name="parameter.QueryParameter" time="6.340" errors="0" timestamp="2022-10-06T11:36:55 IST" skipped="0">
  <testcase classname="parameter.QueryParameter" name="QueryparameterTest" time="6.340"/>
  <system-out/>
</testsuite> <!-- parameter.QueryParameter -->
