<?xml version="1.0" encoding="UTF-8"?>
<!-- Generated by org.testng.reporters.JUnitReportReporter -->
<testsuite hostname="swati" failures="0" tests="1" name="crudOperationWithBDD.DelWithoutPortAndUri" time="4.068" errors="0" timestamp="2022-09-29T17:17:58 IST" skipped="0">
  <testcase classname="crudOperationWithBDD.DelWithoutPortAndUri" name="deletesingleproject" time="4.068"/>
  <system-out/>
</testsuite> <!-- crudOperationWithBDD.DelWithoutPortAndUri -->
