<?xml version="1.0" encoding="UTF-8"?>
<!-- Generated by org.testng.reporters.JUnitReportReporter -->
<testsuite hostname="swati" failures="0" tests="1" name="crudOperationWithBDD.RequestWidMandatory" time="4.198" errors="0" timestamp="2022-09-29T13:29:36 IST" skipped="0">
  <testcase classname="crudOperationWithBDD.RequestWidMandatory" name="createProjectTest" time="4.198"/>
  <system-out/>
</testsuite> <!-- crudOperationWithBDD.RequestWidMandatory -->
