<?xml version="1.0" encoding="UTF-8"?>
<!-- Generated by org.testng.reporters.JUnitReportReporter -->
<testsuite hostname="swati" failures="0" tests="1" name="requestChaining.PostAndDelete" time="5.416" errors="0" timestamp="2022-10-06T13:25:38 IST" skipped="0">
  <testcase classname="requestChaining.PostAndDelete" name="postAndDeleteTest" time="5.416"/>
  <system-out/>
</testsuite> <!-- requestChaining.PostAndDelete -->
