<?xml version="1.0" encoding="UTF-8"?>
<!-- Generated by org.testng.reporters.JUnitReportReporter -->
<testsuite hostname="swati" failures="0" tests="2" name="datadDrivenTestingWithDataprovider.AddProjectUsingDataProviderTest" time="4.025" errors="0" timestamp="2022-10-03T13:03:52 IST" skipped="0">
  <testcase classname="datadDrivenTestingWithDataprovider.AddProjectUsingDataProviderTest" name="addProjectTest" time="3.839"/>
  <system-out/>
  <testcase classname="datadDrivenTestingWithDataprovider.AddProjectUsingDataProviderTest" name="addProjectTest" time="0.186"/>
  <system-out/>
</testsuite> <!-- datadDrivenTestingWithDataprovider.AddProjectUsingDataProviderTest -->
