<?xml version="1.0" encoding="UTF-8"?>
<!-- Generated by org.testng.reporters.JUnitReportReporter -->
<testsuite hostname="swati" failures="0" tests="1" name="crudOperationWithBDD.RequestBlankPort" time="4.447" errors="0" timestamp="2022-09-29T13:34:39 IST" skipped="0">
  <testcase classname="crudOperationWithBDD.RequestBlankPort" name="createProjectTest" time="4.447"/>
  <system-out/>
</testsuite> <!-- crudOperationWithBDD.RequestBlankPort -->
