<?xml version="1.0" encoding="UTF-8"?>
<!-- Generated by org.testng.reporters.JUnitReportReporter -->
<testsuite hostname="swati" failures="0" tests="1" name="crudOperationWithBDD.GetAllProjectWithoutEndPoint" time="3.737" errors="0" timestamp="2022-09-29T17:18:35 IST" skipped="0">
  <testcase classname="crudOperationWithBDD.GetAllProjectWithoutEndPoint" name="getallprojectTest" time="3.737"/>
  <system-out/>
</testsuite> <!-- crudOperationWithBDD.GetAllProjectWithoutEndPoint -->
