<?xml version="1.0" encoding="UTF-8"?>
<!-- Generated by org.testng.reporters.JUnitReportReporter -->
<testsuite hostname="swati" failures="0" tests="1" name="endToend.CreateProjVerifyInDB" time="4.134" errors="0" timestamp="2022-10-11T10:58:29 IST" skipped="0">
  <testcase classname="endToend.CreateProjVerifyInDB" name="CreateProjVerifyInDBTest" time="4.134"/>
  <system-out>
    <![CDATA[TY_PROJ_2403]]>
  </system-out>
</testsuite> <!-- endToend.CreateProjVerifyInDB -->
