<?xml version="1.0" encoding="UTF-8"?>
<!-- Generated by org.testng.reporters.JUnitReportReporter -->
<testsuite hostname="swati" failures="0" tests="1" name="requestChaining.PostAndGet" time="5.486" errors="0" timestamp="2022-10-06T13:29:20 IST" skipped="0">
  <testcase classname="requestChaining.PostAndGet" name="postAndDeleteTest" time="5.486"/>
  <system-out/>
</testsuite> <!-- requestChaining.PostAndGet -->
