<?xml version="1.0" encoding="UTF-8"?>
<!-- Generated by org.testng.reporters.JUnitReportReporter -->
<testsuite hostname="swati" failures="0" tests="1" name="crudOperationWithBDD.GetAllProjectWithoutURI" time="3.564" errors="0" timestamp="2022-09-29T17:21:52 IST" skipped="0">
  <testcase classname="crudOperationWithBDD.GetAllProjectWithoutURI" name="getallprojectTest" time="3.564"/>
  <system-out/>
</testsuite> <!-- crudOperationWithBDD.GetAllProjectWithoutURI -->
