<?xml version="1.0" encoding="UTF-8"?>
<!-- Generated by org.testng.reporters.JUnitReportReporter -->
<testsuite hostname="swati" failures="0" tests="1" name="requestChaining.PostGetDelete" time="5.555" errors="0" timestamp="2022-10-06T15:30:33 IST" skipped="0">
  <testcase classname="requestChaining.PostGetDelete" name="postGetDelete" time="5.555"/>
  <system-out/>
</testsuite> <!-- requestChaining.PostGetDelete -->
