<?xml version="1.0" encoding="UTF-8"?>
<!-- Generated by org.testng.reporters.JUnitReportReporter -->
<testsuite hostname="swati" failures="0" tests="1" name="crudOperationWithoutBDD.GetSingleProject" time="5.143" errors="0" timestamp="2022-09-28T13:12:12 IST" skipped="0">
  <testcase classname="crudOperationWithoutBDD.GetSingleProject" name="getProject" time="5.143"/>
  <system-out/>
</testsuite> <!-- crudOperationWithoutBDD.GetSingleProject -->
