<?xml version="1.0" encoding="UTF-8"?>
<!-- Generated by org.testng.reporters.JUnitReportReporter -->
<testsuite hostname="swati" failures="0" tests="1" name="crudOperationWithBDD.UpdateProjectWithoutPid" time="4.621" errors="0" timestamp="2022-09-30T12:36:20 IST" skipped="0">
  <testcase classname="crudOperationWithBDD.UpdateProjectWithoutPid" name="createProjectTest" time="4.621"/>
  <system-out/>
</testsuite> <!-- crudOperationWithBDD.UpdateProjectWithoutPid -->
