<?xml version="1.0" encoding="UTF-8"?>
<!-- Generated by org.testng.reporters.JUnitReportReporter -->
<testsuite hostname="swati" failures="0" tests="1" name="practice.EndToEndScenario" time="17.766" errors="0" timestamp="2022-09-30T17:16:11 IST" skipped="0">
  <testcase classname="practice.EndToEndScenario" name="createProjectTest" time="17.766"/>
  <system-out/>
</testsuite> <!-- practice.EndToEndScenario -->
