<?xml version="1.0" encoding="UTF-8"?>
<!-- Generated by org.testng.reporters.JUnitReportReporter -->
<testsuite hostname="swati" failures="0" tests="1" name="crudOperationWithBDD.SampleTest" time="1.935" errors="0" timestamp="2022-10-12T17:29:59 IST" skipped="0">
  <testcase classname="crudOperationWithBDD.SampleTest" name="getallProjectTest" time="1.935"/>
  <system-out/>
</testsuite> <!-- crudOperationWithBDD.SampleTest -->
