<?xml version="1.0" encoding="UTF-8"?>
<!-- Generated by org.testng.reporters.JUnitReportReporter -->
<testsuite hostname="swati" failures="0" tests="1" name="crudOperationWithBDD.DelWitoutPort" time="3.694" errors="0" timestamp="2022-09-29T17:16:49 IST" skipped="0">
  <testcase classname="crudOperationWithBDD.DelWitoutPort" name="deletesingleproject" time="3.694"/>
  <system-out/>
</testsuite> <!-- crudOperationWithBDD.DelWitoutPort -->
