<?xml version="1.0" encoding="UTF-8"?>
<!-- Generated by org.testng.reporters.JUnitReportReporter -->
<testsuite hostname="swati" failures="0" tests="1" name="crudOperationWithBDD.RequestChangeInsteadJsonXml" time="4.281" errors="0" timestamp="2022-09-29T16:38:24 IST" skipped="0">
  <testcase classname="crudOperationWithBDD.RequestChangeInsteadJsonXml" name="createProjectTest" time="4.281"/>
  <system-out/>
</testsuite> <!-- crudOperationWithBDD.RequestChangeInsteadJsonXml -->
