<?xml version="1.0" encoding="UTF-8"?>
<!-- Generated by org.testng.reporters.JUnitReportReporter -->
<testsuite hostname="swati" failures="0" tests="1" name="crudOperationWithBDD.RequestChangeIntegerInString" time="4.429" errors="0" timestamp="2022-09-29T13:24:37 IST" skipped="0">
  <testcase classname="crudOperationWithBDD.RequestChangeIntegerInString" name="createProjectTest" time="4.429"/>
  <system-out/>
</testsuite> <!-- crudOperationWithBDD.RequestChangeIntegerInString -->
