<?xml version="1.0" encoding="UTF-8"?>
<!-- Generated by org.testng.reporters.JUnitReportReporter -->
<testsuite hostname="swati" failures="0" tests="1" name="crudOperationWithoutBDD.AddProjectTest" time="4.860" errors="0" timestamp="2022-09-28T17:14:11 IST" skipped="0">
  <testcase classname="crudOperationWithoutBDD.AddProjectTest" name="createProjectTest" time="4.860"/>
  <system-out/>
</testsuite> <!-- crudOperationWithoutBDD.AddProjectTest -->
