<?xml version="1.0" encoding="UTF-8"?>
<!-- Generated by org.testng.reporters.JUnitReportReporter -->
<testsuite hostname="swati" failures="0" tests="1" name="endToend.CreateProjectInBusinessLayandDeleteInGUIAndAndVerifyInDatabase" time="47.410" errors="0" timestamp="2022-10-11T12:20:55 IST" skipped="0">
  <testcase classname="endToend.CreateProjectInBusinessLayandDeleteInGUIAndAndVerifyInDatabase" name="AddProjectTest" time="47.410"/>
  <system-out/>
</testsuite> <!-- endToend.CreateProjectInBusinessLayandDeleteInGUIAndAndVerifyInDatabase -->
