<?xml version="1.0" encoding="UTF-8"?>
<!-- Generated by org.testng.reporters.JUnitReportReporter -->
<testsuite hostname="swati" failures="0" tests="1" name="differentWaysToPostTheRequest.PostRequestWithPojoTest" time="5.262" errors="0" timestamp="2022-09-30T12:39:53 IST" skipped="0">
  <testcase classname="differentWaysToPostTheRequest.PostRequestWithPojoTest" name="createProjectTest" time="5.262"/>
  <system-out/>
</testsuite> <!-- differentWaysToPostTheRequest.PostRequestWithPojoTest -->
