<?xml version="1.0" encoding="UTF-8"?>
<!-- Generated by org.testng.reporters.JUnitReportReporter -->
<testsuite hostname="swati" failures="0" tests="1" name="validationTest.ResponseTimeValidationTest" time="3.633" errors="0" timestamp="2022-10-10T14:41:51 IST" skipped="0">
  <testcase classname="validationTest.ResponseTimeValidationTest" name="ValRespTime" time="3.633"/>
  <system-out/>
</testsuite> <!-- validationTest.ResponseTimeValidationTest -->
