<?xml version="1.0" encoding="UTF-8"?>
<!-- Generated by org.testng.reporters.JUnitReportReporter -->
<testsuite hostname="swati" failures="0" tests="1" name="crudOperationWithoutBDD.PutProject" time="4.402" errors="0" timestamp="2022-09-28T14:40:58 IST" skipped="0">
  <testcase classname="crudOperationWithoutBDD.PutProject" name="putProject" time="4.402"/>
  <system-out/>
</testsuite> <!-- crudOperationWithoutBDD.PutProject -->
