<?xml version="1.0" encoding="UTF-8"?>
<!-- Generated by org.testng.reporters.JUnitReportReporter -->
<testsuite hostname="swati" failures="0" tests="1" name="crudOperationWithBDD.RequestChangeinWrongJson_html" time="4.237" errors="0" timestamp="2022-09-29T13:26:44 IST" skipped="0">
  <testcase classname="crudOperationWithBDD.RequestChangeinWrongJson_html" name="createProjectTest" time="4.237"/>
  <system-out/>
</testsuite> <!-- crudOperationWithBDD.RequestChangeinWrongJson_html -->
