<?xml version="1.0" encoding="UTF-8"?>
<!-- Generated by org.testng.reporters.JUnitReportReporter -->
<testsuite hostname="swati" failures="0" tests="1" name="crudOperationWithBDD.DeleteWithPid" time="3.522" errors="0" timestamp="2022-09-29T17:05:39 IST" skipped="0">
  <testcase classname="crudOperationWithBDD.DeleteWithPid" name="deletesingleproject" time="3.522"/>
  <system-out/>
</testsuite> <!-- crudOperationWithBDD.DeleteWithPid -->
