<?xml version="1.0" encoding="UTF-8"?>
<!-- Generated by org.testng.reporters.JUnitReportReporter -->
<testsuite hostname="swati" failures="0" tests="1" name="crudOperationWithBDD.GetAllProject" time="3.272" errors="0" timestamp="2022-10-11T12:22:03 IST" skipped="0">
  <testcase classname="crudOperationWithBDD.GetAllProject" name="getallprojectTest" time="3.272"/>
  <system-out/>
</testsuite> <!-- crudOperationWithBDD.GetAllProject -->
