<?xml version="1.0" encoding="UTF-8"?>
<!-- Generated by org.testng.reporters.JUnitReportReporter -->
<testsuite hostname="swati" failures="0" tests="1" name="authentication.BearerTokenTest" time="5.217" errors="0" timestamp="2022-10-10T13:28:44 IST" skipped="0">
  <testcase classname="authentication.BearerTokenTest" name="authentication" time="5.217"/>
  <system-out/>
</testsuite> <!-- authentication.BearerTokenTest -->
