<?xml version="1.0" encoding="UTF-8"?>
<!-- Generated by org.testng.reporters.JUnitReportReporter -->
<testsuite hostname="swati" failures="0" tests="1" name="crudOperationWithBDD.RequestEmptyBody" time="4.133" errors="0" timestamp="2022-09-29T13:28:41 IST" skipped="0">
  <testcase classname="crudOperationWithBDD.RequestEmptyBody" name="createProjectTest" time="4.133"/>
  <system-out/>
</testsuite> <!-- crudOperationWithBDD.RequestEmptyBody -->
