<?xml version="1.0" encoding="UTF-8"?>
<!-- Generated by org.testng.reporters.JUnitReportReporter -->
<testsuite hostname="swati" failures="0" tests="1" name="crudOperationWithBDD.RequestChangeGetInsteadPost" time="4.130" errors="0" timestamp="2022-09-29T16:37:58 IST" skipped="0">
  <testcase classname="crudOperationWithBDD.RequestChangeGetInsteadPost" name="createProjectTest" time="4.130"/>
  <system-out/>
</testsuite> <!-- crudOperationWithBDD.RequestChangeGetInsteadPost -->
